# JRE version: Java(TM) SE Runtime Environment (8.0_131-b11) (build 1.8.0_131-b11)
# Java VM: Java HotSpot(TM) 64-Bit Server VM (25.131-b11 mixed mode windows-amd64 compressed oops)
Heap:
 PSYoungGen      total 325632K, used 315821K [0x00000000eab00000, 0x0000000100000000, 0x0000000100000000)
  eden space 302080K, 99% used [0x00000000eab00000,0x00000000fd1d7480,0x00000000fd200000)
  from space 23552K, 59% used [0x00000000fe900000,0x00000000ff6940c0,0x0000000100000000)
  to   space 23552K, 99% used [0x00000000fd200000,0x00000000fe8fdcc0,0x00000000fe900000)
 ParOldGen       total 102912K, used 53281K [0x00000000c0000000, 0x00000000c6480000, 0x00000000eab00000)
  object space 102912K, 51% used [0x00000000c0000000,0x00000000c3408440,0x00000000c6480000)
 Metaspace       used 81560K, capacity 85268K, committed 85464K, reserved 1124352K
  class space    used 10426K, capacity 11204K, committed 11264K, reserved 1048576K
GC Heap History (10 events):
Event: 18.536 GC heap after
Heap after GC invocations=15 (full 3):
 PSYoungGen      total 275968K, used 0K [0x00000000eab00000, 0x00000000fd580000, 0x0000000100000000)
  eden space 256512K, 0% used [0x00000000eab00000,0x00000000eab00000,0x00000000fa580000)
  from space 19456K, 0% used [0x00000000fb880000,0x00000000fb880000,0x00000000fcb80000)
  to   space 19456K, 0% used [0x00000000fa580000,0x00000000fa580000,0x00000000fb880000)
 ParOldGen       total 102912K, used 38895K [0x00000000c0000000, 0x00000000c6480000, 0x00000000eab00000)
  object space 102912K, 37% used [0x00000000c0000000,0x00000000c25fbf00,0x00000000c6480000)
 Metaspace       used 56972K, capacity 58946K, committed 59028K, reserved 1099776K
  class space    used 7848K, capacity 8368K, committed 8448K, reserved 1048576K
}
Event: 91.089 GC heap before
{Heap before GC invocations=16 (full 3):
 PSYoungGen      total 275968K, used 256512K [0x00000000eab00000, 0x00000000fd580000, 0x0000000100000000)
  eden space 256512K, 100% used [0x00000000eab00000,0x00000000fa580000,0x00000000fa580000)
  from space 19456K, 0% used [0x00000000fb880000,0x00000000fb880000,0x00000000fcb80000)
  to   space 19456K, 0% used [0x00000000fa580000,0x00000000fa580000,0x00000000fb880000)
 ParOldGen       total 102912K, used 38895K [0x00000000c0000000, 0x00000000c6480000, 0x00000000eab00000)
  object space 102912K, 37% used [0x00000000c0000000,0x00000000c25fbf00,0x00000000c6480000)
 Metaspace       used 64235K, capacity 66950K, committed 67160K, reserved 1107968K
  class space    used 8669K, capacity 9287K, committed 9344K, reserved 1048576K
Event: 91.116 GC heap after
Heap after GC invocations=16 (full 3):
 PSYoungGen      total 275968K, used 14710K [0x00000000eab00000, 0x0000000100000000, 0x0000000100000000)
  eden space 256512K, 0% used [0x00000000eab00000,0x00000000eab00000,0x00000000fa580000)
  from space 19456K, 75% used [0x00000000fa580000,0x00000000fb3ddb00,0x00000000fb880000)
  to   space 20480K, 0% used [0x00000000fec00000,0x00000000fec00000,0x0000000100000000)
 ParOldGen       total 102912K, used 38903K [0x00000000c0000000, 0x00000000c6480000, 0x00000000eab00000)
  object space 102912K, 37% used [0x00000000c0000000,0x00000000c25fdf00,0x00000000c6480000)
 Metaspace       used 64235K, capacity 66950K, committed 67160K, reserved 1107968K
  class space    used 8669K, capacity 9287K, committed 9344K, reserved 1048576K
}
Event: 102.831 GC heap before
{Heap before GC invocations=17 (full 3):
 PSYoungGen      total 275968K, used 271222K [0x00000000eab00000, 0x0000000100000000, 0x0000000100000000)
  eden space 256512K, 100% used [0x00000000eab00000,0x00000000fa580000,0x00000000fa580000)
  from space 19456K, 75% used [0x00000000fa580000,0x00000000fb3ddb00,0x00000000fb880000)
  to   space 20480K, 0% used [0x00000000fec00000,0x00000000fec00000,0x0000000100000000)
 ParOldGen       total 102912K, used 38903K [0x00000000c0000000, 0x00000000c6480000, 0x00000000eab00000)
  object space 102912K, 37% used [0x00000000c0000000,0x00000000c25fdf00,0x00000000c6480000)
 Metaspace       used 73897K, capacity 76988K, committed 77144K, reserved 1116160K
  class space    used 9616K, capacity 10308K, committed 10368K, reserved 1048576K
Event: 102.894 GC heap after
Heap after GC invocations=17 (full 3):
 PSYoungGen      total 325632K, used 16785K [0x00000000eab00000, 0x0000000100000000, 0x0000000100000000)
  eden space 305152K, 0% used [0x00000000eab00000,0x00000000eab00000,0x00000000fd500000)
  from space 20480K, 81% used [0x00000000fec00000,0x00000000ffc645f0,0x0000000100000000)
  to   space 22016K, 0% used [0x00000000fd500000,0x00000000fd500000,0x00000000fea80000)
 ParOldGen       total 102912K, used 49518K [0x00000000c0000000, 0x00000000c6480000, 0x00000000eab00000)
  object space 102912K, 48% used [0x00000000c0000000,0x00000000c305bab0,0x00000000c6480000)
 Metaspace       used 73897K, capacity 76988K, committed 77144K, reserved 1116160K
  class space    used 9616K, capacity 10308K, committed 10368K, reserved 1048576K
}
Event: 309.629 GC heap before
{Heap before GC invocations=18 (full 3):
 PSYoungGen      total 325632K, used 320962K [0x00000000eab00000, 0x0000000100000000, 0x0000000100000000)
  eden space 305152K, 99% used [0x00000000eab00000,0x00000000fd40c3a8,0x00000000fd500000)
  from space 20480K, 81% used [0x00000000fec00000,0x00000000ffc645f0,0x0000000100000000)
  to   space 22016K, 0% used [0x00000000fd500000,0x00000000fd500000,0x00000000fea80000)
 ParOldGen       total 102912K, used 49518K [0x00000000c0000000, 0x00000000c6480000, 0x00000000eab00000)
  object space 102912K, 48% used [0x00000000c0000000,0x00000000c305bab0,0x00000000c6480000)
 Metaspace       used 74861K, capacity 78304K, committed 78552K, reserved 1118208K
  class space    used 9716K, capacity 10452K, committed 10496K, reserved 1048576K
Event: 309.648 GC heap after
Heap after GC invocations=18 (full 3):
 PSYoungGen      total 323584K, used 18386K [0x00000000eab00000, 0x0000000100000000, 0x0000000100000000)
  eden space 305152K, 0% used [0x00000000eab00000,0x00000000eab00000,0x00000000fd500000)
  from space 18432K, 99% used [0x00000000fd500000,0x00000000fe6f4b90,0x00000000fe700000)
  to   space 23552K, 0% used [0x00000000fe900000,0x00000000fe900000,0x0000000100000000)
 ParOldGen       total 102912K, used 49526K [0x00000000c0000000, 0x00000000c6480000, 0x00000000eab00000)
  object space 102912K, 48% used [0x00000000c0000000,0x00000000c305dab0,0x00000000c6480000)
 Metaspace       used 74861K, capacity 78304K, committed 78552K, reserved 1118208K
  class space    used 9716K, capacity 10452K, committed 10496K, reserved 1048576K
}
Event: 1298.380 GC heap before
{Heap before GC invocations=19 (full 3):
 PSYoungGen      total 323584K, used 323538K [0x00000000eab00000, 0x0000000100000000, 0x0000000100000000)
  eden space 305152K, 100% used [0x00000000eab00000,0x00000000fd500000,0x00000000fd500000)
  from space 18432K, 99% used [0x00000000fd500000,0x00000000fe6f4b90,0x00000000fe700000)
  to   space 23552K, 0% used [0x00000000fe900000,0x00000000fe900000,0x0000000100000000)
 ParOldGen       total 102912K, used 49526K [0x00000000c0000000, 0x00000000c6480000, 0x00000000eab00000)
  object space 102912K, 48% used [0x00000000c0000000,0x00000000c305dab0,0x00000000c6480000)
 Metaspace       used 75366K, capacity 79050K, committed 79192K, reserved 1118208K
  class space    used 9743K, capacity 10499K, committed 10624K, reserved 1048576K
Event: 1298.441 GC heap after
Heap after GC invocations=19 (full 3):
 PSYoungGen      total 325632K, used 13904K [0x00000000eab00000, 0x0000000100000000, 0x0000000100000000)
  eden space 302080K, 0% used [0x00000000eab00000,0x00000000eab00000,0x00000000fd200000)
  from space 23552K, 59% used [0x00000000fe900000,0x00000000ff6940c0,0x0000000100000000)
  to   space 23552K, 0% used [0x00000000fd200000,0x00000000fd200000,0x00000000fe900000)
 ParOldGen       total 102912K, used 49534K [0x00000000c0000000, 0x00000000c6480000, 0x00000000eab00000)
  object space 102912K, 48% used [0x00000000c0000000,0x00000000c305fab0,0x00000000c6480000)
 Metaspace       used 75366K, capacity 79050K, committed 79192K, reserved 1118208K
  class space    used 9743K, capacity 10499K, committed 10624K, reserved 1048576K
}
Event: 1307.670 GC heap before
{Heap before GC invocations=20 (full 3):
 PSYoungGen      total 325632K, used 315821K [0x00000000eab00000, 0x0000000100000000, 0x0000000100000000)
  eden space 302080K, 99% used [0x00000000eab00000,0x00000000fd1d7480,0x00000000fd200000)
  from space 23552K, 59% used [0x00000000fe900000,0x00000000ff6940c0,0x0000000100000000)
  to   space 23552K, 0% used [0x00000000fd200000,0x00000000fd200000,0x00000000fe900000)
 ParOldGen       total 102912K, used 49534K [0x00000000c0000000, 0x00000000c6480000, 0x00000000eab00000)
  object space 102912K, 48% used [0x00000000c0000000,0x00000000c305fab0,0x00000000c6480000)
 Metaspace       used 81560K, capacity 85268K, committed 85464K, reserved 1124352K
  class space    used 10426K, capacity 11204K, committed 11264K, reserved 1048576K

